
2022/08/04 (14:15:44) | ===> btop++ v.1.2.8
2022/08/04 (14:15:44) | INFO: Logger set to DEBUG
2022/08/04 (14:15:44) | DEBUG: Using locale en_US.UTF-8
2022/08/04 (14:15:44) | INFO: Running on /dev/pts/1

2022/08/04 (14:16:02) | ===> btop++ v.1.2.8
2022/08/04 (14:16:02) | INFO: Logger set to DEBUG
2022/08/04 (14:16:02) | DEBUG: Using locale en_US.UTF-8
2022/08/04 (14:16:02) | INFO: Running on /dev/pts/1
2022/08/04 (14:16:27) | DEBUG: Writing new config file
2022/08/04 (14:16:27) | INFO: Quitting! Runtime: 00:00:25

2022/08/04 (14:16:29) | ===> btop++ v.1.2.8
2022/08/04 (14:16:29) | INFO: Logger set to DEBUG
2022/08/04 (14:16:29) | DEBUG: Using locale en_US.UTF-8
2022/08/04 (14:16:29) | INFO: Running on /dev/pts/1
2022/08/04 (14:16:36) | INFO: Quitting! Runtime: 00:00:07

2022/08/04 (14:16:38) | ===> btop++ v.1.2.8
2022/08/04 (14:16:38) | INFO: Logger set to DEBUG
2022/08/04 (14:16:38) | DEBUG: Using locale en_US.UTF-8
2022/08/04 (14:16:38) | INFO: Running on /dev/pts/1

2022/08/04 (14:16:42) | ===> btop++ v.1.2.8
2022/08/04 (14:16:42) | INFO: Logger set to DEBUG
2022/08/04 (14:16:42) | DEBUG: Using locale en_US.UTF-8
2022/08/04 (14:16:42) | INFO: Running on /dev/pts/1
2022/08/04 (14:16:55) | INFO: Quitting! Runtime: 00:00:13

2022/08/04 (14:16:58) | ===> btop++ v.1.2.8
2022/08/04 (14:16:58) | INFO: Logger set to DEBUG
2022/08/04 (14:16:58) | DEBUG: Using locale en_US.UTF-8
2022/08/04 (14:16:58) | INFO: Running on /dev/pts/1
2022/08/04 (14:17:08) | INFO: Quitting! Runtime: 00:00:10

2022/08/04 (14:17:10) | ===> btop++ v.1.2.8
2022/08/04 (14:17:10) | INFO: Logger set to DEBUG
2022/08/04 (14:17:10) | DEBUG: Using locale en_US.UTF-8
2022/08/04 (14:17:10) | INFO: Running on /dev/pts/1
2022/08/04 (14:18:09) | INFO: Quitting! Runtime: 00:00:59

2022/08/04 (14:18:10) | ===> btop++ v.1.2.8
2022/08/04 (14:18:10) | INFO: Logger set to DEBUG
2022/08/04 (14:18:10) | DEBUG: Using locale en_US.UTF-8
2022/08/04 (14:18:10) | INFO: Running on /dev/pts/1
2022/08/04 (14:20:18) | INFO: Quitting! Runtime: 00:02:08

2022/08/04 (14:20:19) | ===> btop++ v.1.2.8
2022/08/04 (14:20:19) | INFO: Logger set to DEBUG
2022/08/04 (14:20:19) | DEBUG: Using locale en_US.UTF-8
2022/08/04 (14:20:19) | INFO: Running on /dev/pts/1
2022/08/04 (14:21:42) | DEBUG: Writing new config file
2022/08/04 (14:21:42) | INFO: Quitting! Runtime: 00:01:23

2022/08/04 (14:21:43) | ===> btop++ v.1.2.8
2022/08/04 (14:21:43) | INFO: Logger set to DEBUG
2022/08/04 (14:21:43) | DEBUG: Using locale en_US.UTF-8
2022/08/04 (14:21:43) | INFO: Running on /dev/pts/1
2022/08/04 (14:23:07) | INFO: Quitting! Runtime: 00:01:24

2022/08/04 (14:23:09) | ===> btop++ v.1.2.8
2022/08/04 (14:23:09) | INFO: Logger set to DEBUG
2022/08/04 (14:23:09) | DEBUG: Using locale en_US.UTF-8
2022/08/04 (14:23:09) | INFO: Running on /dev/pts/1

2022/08/04 (14:23:17) | ===> btop++ v.1.2.8
2022/08/04 (14:23:17) | INFO: Logger set to DEBUG
2022/08/04 (14:23:17) | DEBUG: Using locale en_US.UTF-8
2022/08/04 (14:23:17) | INFO: Running on /dev/pts/1
2022/08/04 (14:24:15) | INFO: Quitting! Runtime: 00:00:58

2022/08/04 (14:24:17) | ===> btop++ v.1.2.8
2022/08/04 (14:24:17) | INFO: Logger set to DEBUG
2022/08/04 (14:24:17) | DEBUG: Using locale en_US.UTF-8
2022/08/04 (14:24:17) | INFO: Running on /dev/pts/1
2022/08/04 (14:24:28) | INFO: Quitting! Runtime: 00:00:11

2022/08/04 (14:24:29) | ===> btop++ v.1.2.8
2022/08/04 (14:24:29) | INFO: Logger set to DEBUG
2022/08/04 (14:24:29) | DEBUG: Using locale en_US.UTF-8
2022/08/04 (14:24:29) | INFO: Running on /dev/pts/1
2022/08/04 (14:25:39) | INFO: Quitting! Runtime: 00:01:10

2022/08/04 (14:25:40) | ===> btop++ v.1.2.8
2022/08/04 (14:25:40) | INFO: Logger set to DEBUG
2022/08/04 (14:25:40) | DEBUG: Using locale en_US.UTF-8
2022/08/04 (14:25:40) | INFO: Running on /dev/pts/1
2022/08/04 (14:26:32) | INFO: Quitting! Runtime: 00:00:52

2022/08/04 (14:26:33) | ===> btop++ v.1.2.8
2022/08/04 (14:26:33) | INFO: Logger set to DEBUG
2022/08/04 (14:26:33) | DEBUG: Using locale en_US.UTF-8
2022/08/04 (14:26:33) | INFO: Running on /dev/pts/1
2022/08/04 (14:27:46) | INFO: Quitting! Runtime: 00:01:13

2022/08/04 (14:27:48) | ===> btop++ v.1.2.8
2022/08/04 (14:27:48) | INFO: Logger set to DEBUG
2022/08/04 (14:27:48) | DEBUG: Using locale en_US.UTF-8
2022/08/04 (14:27:48) | INFO: Running on /dev/pts/1
2022/08/04 (14:28:48) | INFO: Quitting! Runtime: 00:01:00

2022/08/04 (14:28:49) | ===> btop++ v.1.2.8
2022/08/04 (14:28:49) | INFO: Logger set to DEBUG
2022/08/04 (14:28:49) | DEBUG: Using locale en_US.UTF-8
2022/08/04 (14:28:49) | INFO: Running on /dev/pts/1
2022/08/04 (14:33:18) | DEBUG: Writing new config file
2022/08/04 (14:33:18) | INFO: Quitting! Runtime: 00:04:29

2022/08/04 (14:33:20) | ===> btop++ v.1.2.8
2022/08/04 (14:33:20) | INFO: Logger set to DEBUG
2022/08/04 (14:33:20) | DEBUG: Using locale en_US.UTF-8
2022/08/04 (14:33:20) | INFO: Running on /dev/pts/1
2022/08/04 (14:33:41) | INFO: Quitting! Runtime: 00:00:21

2022/08/04 (14:33:43) | ===> btop++ v.1.2.8
2022/08/04 (14:33:43) | INFO: Logger set to DEBUG
2022/08/04 (14:33:43) | DEBUG: Using locale en_US.UTF-8
2022/08/04 (14:33:43) | INFO: Running on /dev/pts/1
2022/08/04 (14:33:53) | INFO: Quitting! Runtime: 00:00:10

2022/08/04 (14:34:15) | ===> btop++ v.1.2.8
2022/08/04 (14:34:15) | INFO: Logger set to DEBUG
2022/08/04 (14:34:15) | DEBUG: Using locale en_US.UTF-8
2022/08/04 (14:34:15) | INFO: Running on /dev/pts/1
2022/08/04 (14:34:55) | DEBUG: Loading theme file: /usr/share/btop/themes/tomorrow-night.theme
2022/08/04 (14:36:06) | DEBUG: Writing new config file
2022/08/04 (14:36:06) | INFO: Quitting! Runtime: 00:01:51

2022/08/04 (14:36:07) | ===> btop++ v.1.2.8
2022/08/04 (14:36:07) | INFO: Logger set to DEBUG
2022/08/04 (14:36:07) | DEBUG: Using locale en_US.UTF-8
2022/08/04 (14:36:07) | INFO: Running on /dev/pts/1
2022/08/04 (14:36:15) | INFO: Quitting! Runtime: 00:00:08

2022/08/04 (14:36:16) | ===> btop++ v.1.2.8
2022/08/04 (14:36:16) | INFO: Logger set to DEBUG
2022/08/04 (14:36:16) | DEBUG: Using locale en_US.UTF-8
2022/08/04 (14:36:16) | INFO: Running on /dev/pts/1
2022/08/04 (14:36:35) | INFO: Quitting! Runtime: 00:00:19

2022/08/04 (14:36:40) | ===> btop++ v.1.2.8
2022/08/04 (14:36:40) | INFO: Logger set to DEBUG
2022/08/04 (14:36:40) | DEBUG: Using locale en_US.UTF-8
2022/08/04 (14:36:40) | INFO: Running on /dev/pts/1
2022/08/04 (14:37:35) | INFO: Quitting! Runtime: 00:00:55

2022/08/04 (14:37:36) | ===> btop++ v.1.2.8
2022/08/04 (14:37:36) | INFO: Logger set to DEBUG
2022/08/04 (14:37:36) | DEBUG: Using locale en_US.UTF-8
2022/08/04 (14:37:36) | INFO: Running on /dev/pts/1
2022/08/04 (14:37:54) | INFO: Quitting! Runtime: 00:00:18

2022/08/04 (14:37:56) | ===> btop++ v.1.2.8
2022/08/04 (14:37:56) | INFO: Logger set to DEBUG
2022/08/04 (14:37:56) | DEBUG: Using locale en_US.UTF-8
2022/08/04 (14:37:56) | INFO: Running on /dev/pts/1
2022/08/04 (14:38:57) | INFO: Quitting! Runtime: 00:01:01

2022/08/04 (14:39:00) | ===> btop++ v.1.2.8
2022/08/04 (14:39:00) | INFO: Logger set to DEBUG
2022/08/04 (14:39:00) | DEBUG: Using locale en_US.UTF-8
2022/08/04 (14:39:00) | INFO: Running on /dev/pts/1
2022/08/04 (14:39:26) | INFO: Quitting! Runtime: 00:00:26

2022/08/04 (14:39:27) | ===> btop++ v.1.2.8
2022/08/04 (14:39:27) | INFO: Logger set to DEBUG
2022/08/04 (14:39:27) | DEBUG: Using locale en_US.UTF-8
2022/08/04 (14:39:27) | INFO: Running on /dev/pts/1
2022/08/04 (14:41:40) | INFO: Quitting! Runtime: 00:02:13

2022/08/04 (14:42:06) | ===> btop++ v.1.2.8
2022/08/04 (14:42:06) | INFO: Logger set to DEBUG
2022/08/04 (14:42:06) | DEBUG: Using locale en_US.UTF-8
2022/08/04 (14:42:06) | INFO: Running on /dev/pts/1
2022/08/04 (14:43:49) | INFO: Quitting! Runtime: 00:01:43

2022/08/04 (14:44:33) | ===> btop++ v.1.2.8
2022/08/04 (14:44:33) | INFO: Logger set to DEBUG
2022/08/04 (14:44:33) | DEBUG: Using locale en_US.UTF-8
2022/08/04 (14:44:33) | INFO: Running on /dev/pts/1
2022/08/04 (14:45:31) | INFO: Quitting! Runtime: 00:00:58

2022/08/04 (14:57:55) | ===> btop++ v.1.2.8
2022/08/04 (14:57:55) | INFO: Logger set to DEBUG
2022/08/04 (14:57:55) | DEBUG: Using locale en_US.UTF-8
2022/08/04 (14:57:55) | INFO: Running on /dev/pts/1
2022/08/04 (14:58:43) | INFO: Quitting! Runtime: 00:00:48

2022/08/04 (14:58:44) | ===> btop++ v.1.2.8
2022/08/04 (14:58:44) | INFO: Logger set to DEBUG
2022/08/04 (14:58:44) | DEBUG: Using locale en_US.UTF-8
2022/08/04 (14:58:44) | INFO: Running on /dev/pts/1
2022/08/04 (14:59:05) | INFO: Quitting! Runtime: 00:00:21

2022/08/04 (15:48:56) | ===> btop++ v.1.2.8
2022/08/04 (15:48:56) | INFO: Logger set to DEBUG
2022/08/04 (15:48:56) | DEBUG: Using locale en_US.UTF-8
2022/08/04 (15:48:56) | INFO: Running on /dev/pts/2

2022/08/04 (17:00:25) | ===> btop++ v.1.2.8
2022/08/04 (17:00:25) | INFO: Logger set to DEBUG
2022/08/04 (17:00:25) | DEBUG: Using locale en_US.UTF-8
2022/08/04 (17:00:25) | INFO: Running on /dev/pts/2
2022/08/04 (17:00:44) | INFO: Quitting! Runtime: 00:00:19

2022/08/04 (20:43:41) | ===> btop++ v.1.2.8
2022/08/04 (20:43:41) | INFO: Logger set to DEBUG
2022/08/04 (20:43:41) | DEBUG: Using locale en_US.UTF-8
2022/08/04 (20:43:41) | INFO: Running on /dev/pts/1

2022/08/04 (20:58:12) | ===> btop++ v.1.2.8
2022/08/04 (20:58:12) | INFO: Logger set to DEBUG
2022/08/04 (20:58:12) | DEBUG: Using locale en_US.UTF-8
2022/08/04 (20:58:12) | INFO: Running on /dev/pts/0
2022/08/04 (21:09:02) | DEBUG: Writing new config file
2022/08/04 (21:09:02) | INFO: Quitting! Runtime: 00:10:50

2022/08/04 (22:18:24) | ===> btop++ v.1.2.8
2022/08/04 (22:18:24) | INFO: Logger set to DEBUG
2022/08/04 (22:18:24) | DEBUG: Using locale en_US.UTF-8
2022/08/04 (22:18:24) | INFO: Running on /dev/pts/0

2022/08/05 (13:23:43) | ===> btop++ v.1.2.8
2022/08/05 (13:23:43) | INFO: Logger set to DEBUG
2022/08/05 (13:23:43) | DEBUG: Using locale en_US.UTF-8
2022/08/05 (13:23:43) | INFO: Running on /dev/pts/0
2022/08/05 (13:23:55) | INFO: Quitting! Runtime: 00:00:12

2022/08/05 (18:50:43) | ===> btop++ v.1.2.8
2022/08/05 (18:50:43) | INFO: Logger set to DEBUG
2022/08/05 (18:50:43) | DEBUG: Using locale en_US.UTF-8
2022/08/05 (18:50:43) | INFO: Running on /dev/pts/0

2022/08/05 (18:53:12) | ===> btop++ v.1.2.8
2022/08/05 (18:53:12) | INFO: Logger set to DEBUG
2022/08/05 (18:53:12) | DEBUG: Using locale en_US.UTF-8
2022/08/05 (18:53:12) | INFO: Running on /dev/pts/0
2022/08/05 (18:54:36) | INFO: Quitting! Runtime: 00:01:24

2022/08/05 (18:54:53) | ===> btop++ v.1.2.8
2022/08/05 (18:54:53) | INFO: Logger set to DEBUG
2022/08/05 (18:54:53) | DEBUG: Using locale en_US.UTF-8
2022/08/05 (18:54:53) | INFO: Running on /dev/pts/0
2022/08/05 (18:55:02) | INFO: Quitting! Runtime: 00:00:09

2022/08/06 (17:30:30) | ===> btop++ v.1.2.8
2022/08/06 (17:30:30) | INFO: Logger set to DEBUG
2022/08/06 (17:30:30) | DEBUG: Using locale en_US.UTF-8
2022/08/06 (17:30:30) | INFO: Running on /dev/pts/1

2022/08/06 (17:30:53) | ===> btop++ v.1.2.8
2022/08/06 (17:30:53) | INFO: Logger set to DEBUG
2022/08/06 (17:30:53) | DEBUG: Using locale en_US.UTF-8
2022/08/06 (17:30:53) | INFO: Running on /dev/pts/1

2022/08/06 (17:31:39) | ===> btop++ v.1.2.8
2022/08/06 (17:31:39) | INFO: Logger set to DEBUG
2022/08/06 (17:31:39) | DEBUG: Using locale en_US.UTF-8
2022/08/06 (17:31:39) | INFO: Running on /dev/pts/1
2022/08/06 (17:31:50) | INFO: Quitting! Runtime: 00:00:11

2022/08/06 (17:51:29) | ===> btop++ v.1.2.8
2022/08/06 (17:51:29) | INFO: Logger set to DEBUG
2022/08/06 (17:51:29) | DEBUG: Using locale en_US.UTF-8
2022/08/06 (17:51:29) | INFO: Running on /dev/pts/0
2022/08/06 (17:51:36) | INFO: Quitting! Runtime: 00:00:07

2022/08/06 (17:51:50) | ===> btop++ v.1.2.8
2022/08/06 (17:51:50) | INFO: Logger set to DEBUG
2022/08/06 (17:51:50) | DEBUG: Using locale en_US.UTF-8
2022/08/06 (17:51:50) | INFO: Running on /dev/pts/0
2022/08/06 (17:51:53) | INFO: Quitting! Runtime: 00:00:03

2022/08/06 (18:16:03) | ===> btop++ v.1.2.8
2022/08/06 (18:16:03) | INFO: Logger set to DEBUG
2022/08/06 (18:16:03) | DEBUG: Using locale en_US.UTF-8
2022/08/06 (18:16:03) | INFO: Running on /dev/pts/0
2022/08/06 (18:16:07) | INFO: Quitting! Runtime: 00:00:04

2022/08/06 (18:26:06) | ===> btop++ v.1.2.8
2022/08/06 (18:26:06) | INFO: Logger set to DEBUG
2022/08/06 (18:26:06) | DEBUG: Using locale en_US.UTF-8
2022/08/06 (18:26:06) | INFO: Running on /dev/pts/0

2022/08/06 (18:39:57) | ===> btop++ v.1.2.8
2022/08/06 (18:39:57) | INFO: Logger set to DEBUG
2022/08/06 (18:39:57) | DEBUG: Using locale en_US.UTF-8
2022/08/06 (18:39:57) | ERROR: No tty detected!
btop++ needs an interactive shell to run.
2022/08/06 (18:39:57) | INFO: Quitting! Runtime: 00:00:00

2022/08/07 (12:31:25) | ===> btop++ v.1.2.8
2022/08/07 (12:31:25) | INFO: Logger set to DEBUG
2022/08/07 (12:31:25) | DEBUG: Using locale en_US.UTF-8
2022/08/07 (12:31:25) | ERROR: No tty detected!
btop++ needs an interactive shell to run.
2022/08/07 (12:31:25) | INFO: Quitting! Runtime: 00:00:00

2022/08/07 (13:39:59) | ===> btop++ v.1.2.8
2022/08/07 (13:39:59) | INFO: Logger set to DEBUG
2022/08/07 (13:39:59) | DEBUG: Using locale en_US.UTF-8
2022/08/07 (13:39:59) | INFO: Running on /dev/pts/4

2022/08/07 (16:04:38) | ===> btop++ v.1.2.8
2022/08/07 (16:04:38) | INFO: Logger set to DEBUG
2022/08/07 (16:04:38) | DEBUG: Using locale en_US.UTF-8
2022/08/07 (16:04:38) | INFO: Running on /dev/pts/2

2022/08/07 (21:00:29) | ===> btop++ v.1.2.8
2022/08/07 (21:00:29) | INFO: Logger set to DEBUG
2022/08/07 (21:00:29) | DEBUG: Using locale en_US.UTF-8
2022/08/07 (21:00:29) | INFO: Running on /dev/pts/0

2022/08/07 (21:11:49) | ===> btop++ v.1.2.8
2022/08/07 (21:11:49) | INFO: Logger set to DEBUG
2022/08/07 (21:11:49) | DEBUG: Using locale en_US.UTF-8
2022/08/07 (21:11:49) | INFO: Running on /dev/pts/0
2022/08/07 (21:12:00) | INFO: Quitting! Runtime: 00:00:11

2022/08/07 (21:16:59) | ===> btop++ v.1.2.8
2022/08/07 (21:16:59) | INFO: Logger set to DEBUG
2022/08/07 (21:16:59) | DEBUG: Using locale en_US.UTF-8
2022/08/07 (21:16:59) | INFO: Running on /dev/pts/0
2022/08/07 (21:17:08) | INFO: Quitting! Runtime: 00:00:09

2022/08/07 (21:31:59) | ===> btop++ v.1.2.8
2022/08/07 (21:31:59) | INFO: Logger set to DEBUG
2022/08/07 (21:31:59) | DEBUG: Using locale en_US.UTF-8
2022/08/07 (21:31:59) | INFO: Running on /dev/pts/0

2022/08/07 (22:32:44) | ===> btop++ v.1.2.8
2022/08/07 (22:32:44) | INFO: Logger set to DEBUG
2022/08/07 (22:32:44) | DEBUG: Using locale en_US.UTF-8
2022/08/07 (22:32:44) | INFO: Running on /dev/pts/0

2022/08/08 (22:54:52) | ===> btop++ v.1.2.8
2022/08/08 (22:54:52) | INFO: Logger set to DEBUG
2022/08/08 (22:54:52) | DEBUG: Using locale en_US.UTF-8
2022/08/08 (22:54:52) | INFO: Running on /dev/pts/2
2022/08/08 (22:55:41) | DEBUG: Writing new config file
2022/08/08 (22:55:41) | INFO: Quitting! Runtime: 00:00:49

2022/08/08 (22:55:42) | ===> btop++ v.1.2.8
2022/08/08 (22:55:42) | INFO: Logger set to DEBUG
2022/08/08 (22:55:42) | DEBUG: Using locale en_US.UTF-8
2022/08/08 (22:55:42) | INFO: Running on /dev/pts/2
2022/08/08 (22:56:04) | DEBUG: Writing new config file
2022/08/08 (22:56:04) | INFO: Quitting! Runtime: 00:00:22

2022/08/08 (22:56:06) | ===> btop++ v.1.2.8
2022/08/08 (22:56:06) | INFO: Logger set to DEBUG
2022/08/08 (22:56:06) | DEBUG: Using locale en_US.UTF-8
2022/08/08 (22:56:06) | INFO: Running on /dev/pts/2
2022/08/08 (22:57:00) | DEBUG: Loading theme file: /usr/share/btop/themes/tomorrow-night.theme
2022/08/08 (22:57:00) | DEBUG: Loading theme file: /usr/share/btop/themes/HotPurpleTrafficLight.theme
2022/08/08 (22:57:01) | DEBUG: Loading theme file: /usr/share/btop/themes/gruvbox_dark.theme
2022/08/08 (22:57:02) | DEBUG: Loading theme file: /usr/share/btop/themes/night-owl.theme
2022/08/08 (22:57:06) | DEBUG: Loading theme file: /usr/share/btop/themes/gruvbox_dark.theme
2022/08/08 (22:57:06) | DEBUG: Loading theme file: /usr/share/btop/themes/HotPurpleTrafficLight.theme
2022/08/08 (22:57:06) | DEBUG: Loading theme file: /usr/share/btop/themes/tomorrow-night.theme
2022/08/08 (23:09:59) | DEBUG: Loading theme file: /usr/share/btop/themes/tomorrow-night.theme
2022/08/08 (23:09:59) | DEBUG: Loading theme file: /usr/share/btop/themes/HotPurpleTrafficLight.theme
2022/08/08 (23:10:00) | DEBUG: Loading theme file: /usr/share/btop/themes/gruvbox_dark.theme
2022/08/08 (23:10:00) | DEBUG: Loading theme file: /usr/share/btop/themes/night-owl.theme
2022/08/08 (23:10:00) | DEBUG: Loading theme file: /usr/share/btop/themes/matcha-dark-sea.theme
2022/08/08 (23:10:01) | DEBUG: Loading theme file: /usr/share/btop/themes/onedark.theme
2022/08/08 (23:10:01) | DEBUG: Loading theme file: /usr/share/btop/themes/gruvbox_dark_v2.theme
2022/08/08 (23:10:01) | DEBUG: Loading theme file: /usr/share/btop/themes/kyli0x.theme
2022/08/08 (23:10:01) | DEBUG: Loading theme file: /usr/share/btop/themes/flat-remix.theme
2022/08/08 (23:10:02) | DEBUG: Loading theme file: /usr/share/btop/themes/greyscale.theme
2022/08/08 (23:10:02) | DEBUG: Loading theme file: /usr/share/btop/themes/everforest-dark-hard.theme
2022/08/08 (23:10:02) | DEBUG: Loading theme file: /usr/share/btop/themes/nord.theme
2022/08/08 (23:10:02) | DEBUG: Loading theme file: /usr/share/btop/themes/solarized_dark.theme
2022/08/08 (23:10:03) | DEBUG: Loading theme file: /usr/share/btop/themes/whiteout.theme
2022/08/08 (23:10:03) | DEBUG: Loading theme file: /usr/share/btop/themes/dusklight.theme
2022/08/08 (23:10:04) | DEBUG: Loading theme file: /usr/share/btop/themes/ayu.theme
2022/08/08 (23:10:05) | DEBUG: Loading theme file: /usr/share/btop/themes/adapta.theme
2022/08/08 (23:10:06) | DEBUG: Loading theme file: /usr/share/btop/themes/dracula.theme
2022/08/08 (23:10:07) | DEBUG: Loading theme file: /usr/share/btop/themes/flat-remix-light.theme
2022/08/08 (23:10:08) | DEBUG: Loading theme file: /usr/share/btop/themes/gruvbox_material_dark.theme
2022/08/08 (23:10:08) | DEBUG: Loading theme file: /usr/share/btop/themes/tokyo-storm.theme
2022/08/08 (23:10:09) | DEBUG: Loading theme file: /usr/share/btop/themes/tokyo-night.theme
2022/08/08 (23:10:27) | DEBUG: Loading theme file: /usr/share/btop/themes/monokai.theme
2022/08/08 (23:11:23) | DEBUG: Writing new config file
2022/08/08 (23:11:23) | INFO: Quitting! Runtime: 00:15:17

2022/08/08 (23:11:50) | ===> btop++ v.1.2.8
2022/08/08 (23:11:50) | INFO: Logger set to DEBUG
2022/08/08 (23:11:50) | DEBUG: Using locale en_US.UTF-8
2022/08/08 (23:11:50) | INFO: Running on /dev/pts/2
2022/08/08 (23:11:54) | DEBUG: Loading theme file: /usr/share/btop/themes/monokai.theme
2022/08/08 (23:11:55) | DEBUG: Loading theme file: /usr/share/btop/themes/tokyo-night.theme
2022/08/08 (23:11:55) | DEBUG: Loading theme file: /usr/share/btop/themes/tokyo-storm.theme
2022/08/08 (23:11:55) | DEBUG: Loading theme file: /usr/share/btop/themes/gruvbox_material_dark.theme
2022/08/08 (23:11:55) | DEBUG: Loading theme file: /usr/share/btop/themes/flat-remix-light.theme
2022/08/08 (23:11:55) | DEBUG: Loading theme file: /usr/share/btop/themes/dracula.theme
2022/08/08 (23:11:56) | DEBUG: Loading theme file: /usr/share/btop/themes/adapta.theme
2022/08/08 (23:11:56) | DEBUG: Loading theme file: /usr/share/btop/themes/ayu.theme
2022/08/08 (23:11:56) | DEBUG: Loading theme file: /usr/share/btop/themes/dusklight.theme
2022/08/08 (23:11:57) | DEBUG: Loading theme file: /usr/share/btop/themes/whiteout.theme
2022/08/08 (23:11:57) | DEBUG: Loading theme file: /usr/share/btop/themes/solarized_dark.theme
2022/08/08 (23:11:57) | DEBUG: Loading theme file: /usr/share/btop/themes/nord.theme
2022/08/08 (23:11:57) | DEBUG: Loading theme file: /usr/share/btop/themes/everforest-dark-hard.theme
2022/08/08 (23:11:58) | DEBUG: Loading theme file: /usr/share/btop/themes/greyscale.theme
2022/08/08 (23:11:58) | DEBUG: Loading theme file: /usr/share/btop/themes/flat-remix.theme
2022/08/08 (23:11:58) | DEBUG: Loading theme file: /usr/share/btop/themes/kyli0x.theme
2022/08/08 (23:11:59) | DEBUG: Loading theme file: /usr/share/btop/themes/gruvbox_dark_v2.theme
2022/08/08 (23:11:59) | DEBUG: Loading theme file: /usr/share/btop/themes/onedark.theme
2022/08/08 (23:11:59) | DEBUG: Loading theme file: /usr/share/btop/themes/matcha-dark-sea.theme
2022/08/08 (23:12:00) | DEBUG: Loading theme file: /usr/share/btop/themes/night-owl.theme
2022/08/08 (23:12:00) | DEBUG: Loading theme file: /usr/share/btop/themes/gruvbox_dark.theme
2022/08/08 (23:12:00) | DEBUG: Loading theme file: /usr/share/btop/themes/HotPurpleTrafficLight.theme
2022/08/08 (23:12:01) | DEBUG: Loading theme file: /usr/share/btop/themes/tomorrow-night.theme
2022/08/08 (23:12:01) | DEBUG: Loading theme file: /home/gui/.config/btop/themes/catppuccin.theme
2022/08/08 (23:14:26) | DEBUG: Writing new config file
2022/08/08 (23:14:26) | INFO: Quitting! Runtime: 00:02:36

2022/08/08 (23:15:20) | ===> btop++ v.1.2.8
2022/08/08 (23:15:20) | INFO: Logger set to DEBUG
2022/08/08 (23:15:20) | DEBUG: Using locale en_US.UTF-8
2022/08/08 (23:15:20) | INFO: Running on /dev/pts/2
2022/08/08 (23:15:43) | DEBUG: Loading theme file: /usr/share/btop/themes/monokai.theme
2022/08/08 (23:15:44) | DEBUG: Loading theme file: /usr/share/btop/themes/tokyo-night.theme
2022/08/08 (23:15:44) | DEBUG: Loading theme file: /usr/share/btop/themes/tokyo-storm.theme
2022/08/08 (23:15:44) | DEBUG: Loading theme file: /usr/share/btop/themes/gruvbox_material_dark.theme
2022/08/08 (23:15:45) | DEBUG: Loading theme file: /usr/share/btop/themes/flat-remix-light.theme
2022/08/08 (23:15:45) | DEBUG: Loading theme file: /usr/share/btop/themes/dracula.theme
2022/08/08 (23:15:45) | DEBUG: Loading theme file: /usr/share/btop/themes/adapta.theme
2022/08/08 (23:15:45) | DEBUG: Loading theme file: /usr/share/btop/themes/ayu.theme
2022/08/08 (23:15:45) | DEBUG: Loading theme file: /usr/share/btop/themes/dusklight.theme
2022/08/08 (23:15:45) | DEBUG: Loading theme file: /usr/share/btop/themes/whiteout.theme
2022/08/08 (23:15:46) | DEBUG: Loading theme file: /usr/share/btop/themes/solarized_dark.theme
2022/08/08 (23:15:46) | DEBUG: Loading theme file: /usr/share/btop/themes/nord.theme
2022/08/08 (23:15:46) | DEBUG: Loading theme file: /usr/share/btop/themes/everforest-dark-hard.theme
2022/08/08 (23:15:46) | DEBUG: Loading theme file: /usr/share/btop/themes/greyscale.theme
2022/08/08 (23:15:46) | DEBUG: Loading theme file: /usr/share/btop/themes/flat-remix.theme
2022/08/08 (23:15:46) | DEBUG: Loading theme file: /usr/share/btop/themes/kyli0x.theme
2022/08/08 (23:15:46) | DEBUG: Loading theme file: /usr/share/btop/themes/gruvbox_dark_v2.theme
2022/08/08 (23:15:47) | DEBUG: Loading theme file: /usr/share/btop/themes/onedark.theme
2022/08/08 (23:15:47) | DEBUG: Loading theme file: /usr/share/btop/themes/matcha-dark-sea.theme
2022/08/08 (23:15:47) | DEBUG: Loading theme file: /usr/share/btop/themes/night-owl.theme
2022/08/08 (23:15:47) | DEBUG: Loading theme file: /usr/share/btop/themes/gruvbox_dark.theme
2022/08/08 (23:15:47) | DEBUG: Loading theme file: /usr/share/btop/themes/HotPurpleTrafficLight.theme
2022/08/08 (23:15:47) | DEBUG: Loading theme file: /usr/share/btop/themes/tomorrow-night.theme
2022/08/08 (23:15:47) | DEBUG: Loading theme file: /home/gui/.config/btop/themes/catppuccin_latte.theme
2022/08/08 (23:15:48) | DEBUG: Loading theme file: /home/gui/.config/btop/themes/catppuccin_frappe.theme
2022/08/08 (23:15:48) | DEBUG: Loading theme file: /home/gui/.config/btop/themes/catppuccin_mocha.theme
2022/08/08 (23:15:48) | DEBUG: Loading theme file: /home/gui/.config/btop/themes/catppuccin_macchiato.theme
2022/08/08 (23:15:49) | DEBUG: Loading theme file: /home/gui/.config/btop/themes/catppuccin_macchiato.theme
2022/08/08 (23:31:22) | DEBUG: Loading theme file: /home/gui/.config/btop/themes/catppuccin_mocha.theme
2022/08/08 (23:32:36) | DEBUG: Loading theme file: /home/gui/.config/btop/themes/catppuccin_frappe.theme
2022/08/08 (23:32:45) | DEBUG: Loading theme file: /home/gui/.config/btop/themes/catppuccin_latte.theme
2022/08/08 (23:32:55) | DEBUG: Loading theme file: /home/gui/.config/btop/themes/catppuccin_frappe.theme
2022/08/08 (23:32:56) | DEBUG: Loading theme file: /home/gui/.config/btop/themes/catppuccin_mocha.theme
2022/08/08 (23:32:57) | DEBUG: Loading theme file: /home/gui/.config/btop/themes/catppuccin_macchiato.theme
2022/08/08 (23:32:58) | DEBUG: Loading theme file: /home/gui/.config/btop/themes/catppuccin_mocha.theme
2022/08/08 (23:32:58) | DEBUG: Loading theme file: /home/gui/.config/btop/themes/catppuccin_frappe.theme
2022/08/08 (23:32:59) | DEBUG: Loading theme file: /home/gui/.config/btop/themes/catppuccin_mocha.theme
2022/08/08 (23:32:59) | DEBUG: Loading theme file: /home/gui/.config/btop/themes/catppuccin_macchiato.theme
2022/08/08 (23:33:00) | DEBUG: Loading theme file: /home/gui/.config/btop/themes/catppuccin_mocha.theme
2022/08/08 (23:33:00) | DEBUG: Loading theme file: /home/gui/.config/btop/themes/catppuccin_frappe.theme
2022/08/08 (23:33:00) | DEBUG: Loading theme file: /home/gui/.config/btop/themes/catppuccin_mocha.theme
2022/08/08 (23:33:01) | DEBUG: Loading theme file: /home/gui/.config/btop/themes/catppuccin_macchiato.theme
2022/08/08 (23:33:01) | DEBUG: Loading theme file: /home/gui/.config/btop/themes/catppuccin_mocha.theme
2022/08/08 (23:33:02) | DEBUG: Loading theme file: /home/gui/.config/btop/themes/catppuccin_frappe.theme
2022/08/08 (23:33:03) | DEBUG: Loading theme file: /home/gui/.config/btop/themes/catppuccin_mocha.theme
2022/08/08 (23:33:03) | DEBUG: Loading theme file: /home/gui/.config/btop/themes/catppuccin_macchiato.theme
2022/08/08 (23:33:08) | DEBUG: Loading theme file: /home/gui/.config/btop/themes/catppuccin_mocha.theme

2022/08/08 (23:46:25) | ===> btop++ v.1.2.8
2022/08/08 (23:46:25) | INFO: Logger set to DEBUG
2022/08/08 (23:46:25) | DEBUG: Using locale en_US.UTF-8
2022/08/08 (23:46:25) | INFO: Running on /dev/pts/0
2022/08/08 (23:46:34) | DEBUG: Loading theme file: /usr/share/btop/themes/monokai.theme
2022/08/08 (23:46:34) | DEBUG: Loading theme file: /usr/share/btop/themes/tokyo-night.theme
2022/08/08 (23:46:34) | DEBUG: Loading theme file: /usr/share/btop/themes/tokyo-storm.theme
2022/08/08 (23:46:35) | DEBUG: Loading theme file: /usr/share/btop/themes/gruvbox_material_dark.theme
2022/08/08 (23:46:35) | DEBUG: Loading theme file: /usr/share/btop/themes/flat-remix-light.theme
2022/08/08 (23:46:35) | DEBUG: Loading theme file: /usr/share/btop/themes/dracula.theme
2022/08/08 (23:46:35) | DEBUG: Loading theme file: /usr/share/btop/themes/adapta.theme
2022/08/08 (23:46:35) | DEBUG: Loading theme file: /usr/share/btop/themes/ayu.theme
2022/08/08 (23:46:35) | DEBUG: Loading theme file: /usr/share/btop/themes/dusklight.theme
2022/08/08 (23:46:35) | DEBUG: Loading theme file: /usr/share/btop/themes/whiteout.theme
2022/08/08 (23:46:36) | DEBUG: Loading theme file: /usr/share/btop/themes/solarized_dark.theme
2022/08/08 (23:46:36) | DEBUG: Loading theme file: /usr/share/btop/themes/nord.theme
2022/08/08 (23:46:36) | DEBUG: Loading theme file: /usr/share/btop/themes/everforest-dark-hard.theme
2022/08/08 (23:46:36) | DEBUG: Loading theme file: /usr/share/btop/themes/greyscale.theme
2022/08/08 (23:46:36) | DEBUG: Loading theme file: /usr/share/btop/themes/flat-remix.theme
2022/08/08 (23:46:36) | DEBUG: Loading theme file: /usr/share/btop/themes/kyli0x.theme
2022/08/08 (23:46:36) | DEBUG: Loading theme file: /usr/share/btop/themes/gruvbox_dark_v2.theme
2022/08/08 (23:46:37) | DEBUG: Loading theme file: /usr/share/btop/themes/onedark.theme
2022/08/08 (23:46:37) | DEBUG: Loading theme file: /usr/share/btop/themes/matcha-dark-sea.theme
2022/08/08 (23:46:37) | DEBUG: Loading theme file: /usr/share/btop/themes/night-owl.theme
2022/08/08 (23:46:37) | DEBUG: Loading theme file: /usr/share/btop/themes/gruvbox_dark.theme
2022/08/08 (23:46:37) | DEBUG: Loading theme file: /usr/share/btop/themes/HotPurpleTrafficLight.theme
2022/08/08 (23:46:37) | DEBUG: Loading theme file: /usr/share/btop/themes/tomorrow-night.theme
2022/08/08 (23:46:37) | DEBUG: Loading theme file: /home/gui/.config/btop/themes/catppuccin_latte.theme
2022/08/08 (23:46:38) | DEBUG: Loading theme file: /home/gui/.config/btop/themes/catppuccin_frappe.theme
2022/08/08 (23:46:39) | DEBUG: Loading theme file: /home/gui/.config/btop/themes/catppuccin_mocha.theme
2022/08/08 (23:46:46) | DEBUG: Writing new config file
2022/08/08 (23:46:46) | INFO: Quitting! Runtime: 00:00:21

2022/08/08 (23:46:48) | ===> btop++ v.1.2.8
2022/08/08 (23:46:48) | INFO: Logger set to DEBUG
2022/08/08 (23:46:48) | DEBUG: Using locale en_US.UTF-8
2022/08/08 (23:46:48) | INFO: Running on /dev/pts/0
2022/08/08 (23:46:48) | DEBUG: Loading theme file: /home/gui/.config/btop/themes/catppuccin_mocha.theme
2022/08/08 (23:48:41) | DEBUG: Writing new config file
2022/08/08 (23:48:41) | INFO: Quitting! Runtime: 00:01:53

2022/08/08 (23:48:42) | ===> btop++ v.1.2.8
2022/08/08 (23:48:42) | INFO: Logger set to DEBUG
2022/08/08 (23:48:42) | DEBUG: Using locale en_US.UTF-8
2022/08/08 (23:48:42) | INFO: Running on /dev/pts/0
2022/08/08 (23:48:42) | DEBUG: Loading theme file: /home/gui/.config/btop/themes/catppuccin_mocha.theme
2022/08/09 (00:02:23) | INFO: Quitting! Runtime: 00:13:41

2022/08/09 (01:07:35) | ===> btop++ v.1.2.8
2022/08/09 (01:07:35) | INFO: Logger set to DEBUG
2022/08/09 (01:07:35) | DEBUG: Using locale en_US.UTF-8
2022/08/09 (01:07:35) | INFO: Running on /dev/pts/3
2022/08/09 (01:07:35) | DEBUG: Loading theme file: /home/gui/.config/btop/themes/catppuccin_mocha.theme

2022/08/09 (13:48:41) | ===> btop++ v.1.2.8
2022/08/09 (13:48:41) | INFO: Logger set to DEBUG
2022/08/09 (13:48:41) | DEBUG: Using locale en_US.UTF-8
2022/08/09 (13:48:41) | INFO: Running on /dev/pts/2
2022/08/09 (13:48:41) | DEBUG: Loading theme file: /home/gui/.config/btop/themes/catppuccin_mocha.theme

2022/08/09 (19:03:42) | ===> btop++ v.1.2.8
2022/08/09 (19:03:42) | INFO: Logger set to DEBUG
2022/08/09 (19:03:42) | DEBUG: Using locale en_US.UTF-8
2022/08/09 (19:03:42) | INFO: Running on /dev/pts/2
2022/08/09 (19:03:42) | DEBUG: Loading theme file: /home/gui/.config/btop/themes/catppuccin_mocha.theme

2022/08/09 (19:28:45) | ===> btop++ v.1.2.8
2022/08/09 (19:28:45) | INFO: Logger set to DEBUG
2022/08/09 (19:28:45) | DEBUG: Using locale en_US.UTF-8
2022/08/09 (19:28:45) | INFO: Running on /dev/pts/3
2022/08/09 (19:28:45) | DEBUG: Loading theme file: /home/gui/.config/btop/themes/catppuccin_mocha.theme

2022/08/09 (22:52:39) | ===> btop++ v.1.2.8
2022/08/09 (22:52:39) | INFO: Logger set to DEBUG
2022/08/09 (22:52:39) | DEBUG: Using locale en_US.UTF-8
2022/08/09 (22:52:39) | INFO: Running on /dev/pts/4
2022/08/09 (22:52:39) | DEBUG: Loading theme file: /home/gui/.config/btop/themes/catppuccin_mocha.theme

2022/08/10 (01:05:27) | ===> btop++ v.1.2.8
2022/08/10 (01:05:27) | INFO: Logger set to DEBUG
2022/08/10 (01:05:27) | DEBUG: Using locale en_US.UTF-8
2022/08/10 (01:05:27) | INFO: Running on /dev/pts/2
2022/08/10 (01:05:27) | DEBUG: Loading theme file: /home/gui/.config/btop/themes/catppuccin_mocha.theme

2022/08/10 (10:19:18) | ===> btop++ v.1.2.8
2022/08/10 (10:19:18) | INFO: Logger set to DEBUG
2022/08/10 (10:19:18) | DEBUG: Using locale en_US.UTF-8
2022/08/10 (10:19:18) | INFO: Running on /dev/pts/2
2022/08/10 (10:19:18) | DEBUG: Loading theme file: /home/gui/.config/btop/themes/catppuccin_mocha.theme

2022/08/10 (23:54:34) | ===> btop++ v.1.2.8
2022/08/10 (23:54:34) | INFO: Logger set to DEBUG
2022/08/10 (23:54:34) | DEBUG: Using locale en_US.UTF-8
2022/08/10 (23:54:34) | INFO: Running on /dev/pts/0
2022/08/10 (23:54:34) | DEBUG: Loading theme file: /home/gui/.config/btop/themes/catppuccin_mocha.theme

2022/08/11 (01:34:54) | ===> btop++ v.1.2.8
2022/08/11 (01:34:54) | INFO: Logger set to DEBUG
2022/08/11 (01:34:54) | DEBUG: Using locale en_US.UTF-8
2022/08/11 (01:34:54) | INFO: Running on /dev/pts/0
2022/08/11 (01:34:54) | DEBUG: Loading theme file: /home/gui/.config/btop/themes/catppuccin_mocha.theme

2022/08/11 (13:24:50) | ===> btop++ v.1.2.8
2022/08/11 (13:24:50) | INFO: Logger set to DEBUG
2022/08/11 (13:24:50) | DEBUG: Using locale en_US.UTF-8
2022/08/11 (13:24:50) | INFO: Running on /dev/pts/2
2022/08/11 (13:24:50) | DEBUG: Loading theme file: /home/gui/.config/btop/themes/catppuccin_mocha.theme

2022/08/11 (15:02:23) | ===> btop++ v.1.2.8
2022/08/11 (15:02:23) | INFO: Logger set to DEBUG
2022/08/11 (15:02:23) | DEBUG: Using locale en_US.UTF-8
2022/08/11 (15:02:23) | INFO: Running on /dev/pts/2
2022/08/11 (15:02:23) | DEBUG: Loading theme file: /home/gui/.config/btop/themes/catppuccin_mocha.theme
2022/08/11 (15:02:37) | INFO: Quitting! Runtime: 00:00:14

2022/08/11 (15:02:41) | ===> btop++ v.1.2.8
2022/08/11 (15:02:41) | INFO: Logger set to DEBUG
2022/08/11 (15:02:41) | DEBUG: Using locale en_US.UTF-8
2022/08/11 (15:02:41) | INFO: Running on /dev/pts/2
2022/08/11 (15:02:41) | DEBUG: Loading theme file: /home/gui/.config/btop/themes/catppuccin_mocha.theme
2022/08/11 (15:02:50) | INFO: Quitting! Runtime: 00:00:09

2022/08/11 (15:06:33) | ===> btop++ v.1.2.8
2022/08/11 (15:06:33) | INFO: Logger set to DEBUG
2022/08/11 (15:06:33) | DEBUG: Using locale en_US.UTF-8
2022/08/11 (15:06:33) | INFO: Running on /dev/pts/2
2022/08/11 (15:06:33) | DEBUG: Loading theme file: /home/gui/.config/btop/themes/catppuccin_mocha.theme
2022/08/11 (15:06:36) | INFO: Quitting! Runtime: 00:00:03

2022/08/14 (00:00:11) | ===> btop++ v.1.2.8
2022/08/14 (00:00:11) | INFO: Logger set to DEBUG
2022/08/14 (00:00:11) | DEBUG: Using locale en_US.UTF-8
2022/08/14 (00:00:11) | INFO: Running on /dev/pts/1
2022/08/14 (00:00:11) | DEBUG: Loading theme file: /home/gui/.config/btop/themes/catppuccin_mocha.theme

2022/08/14 (18:57:16) | ===> btop++ v.1.2.8
2022/08/14 (18:57:16) | INFO: Logger set to DEBUG
2022/08/14 (18:57:16) | DEBUG: Using locale en_US.UTF-8
2022/08/14 (18:57:16) | INFO: Running on /dev/pts/0
2022/08/14 (18:57:16) | DEBUG: Loading theme file: /home/gui/.config/btop/themes/catppuccin_mocha.theme
2022/08/14 (18:57:36) | INFO: Quitting! Runtime: 00:00:20

2022/08/14 (19:10:24) | ===> btop++ v.1.2.8
2022/08/14 (19:10:24) | INFO: Logger set to DEBUG
2022/08/14 (19:10:24) | DEBUG: Using locale en_US.UTF-8
2022/08/14 (19:10:24) | INFO: Running on /dev/pts/2
2022/08/14 (19:10:24) | DEBUG: Loading theme file: /home/gui/.config/btop/themes/catppuccin_mocha.theme

2022/08/14 (19:37:57) | ===> btop++ v.1.2.8
2022/08/14 (19:37:57) | INFO: Logger set to DEBUG
2022/08/14 (19:37:57) | DEBUG: Using locale en_US.UTF-8
2022/08/14 (19:37:57) | INFO: Running on /dev/pts/0
2022/08/14 (19:37:57) | DEBUG: Loading theme file: /home/gui/.config/btop/themes/catppuccin_mocha.theme
2022/08/14 (19:48:21) | INFO: Quitting! Runtime: 00:10:24

2022/08/15 (19:04:34) | ===> btop++ v.1.2.8
2022/08/15 (19:04:34) | INFO: Logger set to DEBUG
2022/08/15 (19:04:34) | DEBUG: Using locale en_US.UTF-8
2022/08/15 (19:04:34) | INFO: Running on /dev/pts/0
2022/08/15 (19:04:34) | DEBUG: Loading theme file: /home/gui/.config/btop/themes/catppuccin_mocha.theme

2022/08/15 (19:04:48) | ===> btop++ v.1.2.8
2022/08/15 (19:04:48) | INFO: Logger set to DEBUG
2022/08/15 (19:04:48) | DEBUG: Using locale en_US.UTF-8
2022/08/15 (19:04:48) | ERROR: No tty detected!
btop++ needs an interactive shell to run.
2022/08/15 (19:04:48) | INFO: Quitting! Runtime: 00:00:00

2022/08/17 (16:19:58) | ===> btop++ v.1.2.8
2022/08/17 (16:19:58) | INFO: Logger set to DEBUG
2022/08/17 (16:19:58) | DEBUG: Using locale en_US.UTF-8
2022/08/17 (16:19:58) | INFO: Running on /dev/pts/1
2022/08/17 (16:19:58) | DEBUG: Loading theme file: /home/gui/.config/btop/themes/catppuccin_mocha.theme
2022/08/17 (16:20:13) | INFO: Quitting! Runtime: 00:00:15

2022/08/18 (22:37:17) | ===> btop++ v.1.2.8
2022/08/18 (22:37:17) | INFO: Logger set to DEBUG
2022/08/18 (22:37:17) | DEBUG: Using locale en_US.UTF-8
2022/08/18 (22:37:17) | INFO: Running on /dev/pts/0
2022/08/18 (22:37:17) | DEBUG: Loading theme file: /home/gui/.config/btop/themes/catppuccin_mocha.theme

2022/08/19 (00:14:58) | ===> btop++ v.1.2.8
2022/08/19 (00:14:58) | INFO: Logger set to DEBUG
2022/08/19 (00:14:58) | DEBUG: Using locale en_US.UTF-8
2022/08/19 (00:14:58) | INFO: Running on /dev/pts/2
2022/08/19 (00:14:58) | DEBUG: Loading theme file: /home/gui/.config/btop/themes/catppuccin_mocha.theme
2022/08/19 (00:15:23) | DEBUG: Loading theme file: /home/gui/.config/btop/themes/catppuccin_mocha.theme

2022/08/19 (12:41:16) | ===> btop++ v.1.2.8
2022/08/19 (12:41:16) | INFO: Logger set to DEBUG
2022/08/19 (12:41:16) | DEBUG: Using locale en_US.UTF-8
2022/08/19 (12:41:16) | INFO: Running on /dev/pts/0
2022/08/19 (12:41:16) | DEBUG: Loading theme file: /home/gui/.config/btop/themes/catppuccin_mocha.theme

2022/08/20 (20:49:49) | ===> btop++ v.1.2.8
2022/08/20 (20:49:49) | INFO: Logger set to DEBUG
2022/08/20 (20:49:49) | DEBUG: Using locale en_US.UTF-8
2022/08/20 (20:49:49) | INFO: Running on /dev/pts/2
2022/08/20 (20:49:49) | DEBUG: Loading theme file: /home/gui/.config/btop/themes/catppuccin_mocha.theme

2022/08/20 (21:36:56) | ===> btop++ v.1.2.8
2022/08/20 (21:36:56) | INFO: Logger set to DEBUG
2022/08/20 (21:36:56) | DEBUG: Using locale en_US.UTF-8
2022/08/20 (21:36:56) | INFO: Running on /dev/pts/2
2022/08/20 (21:36:56) | DEBUG: Loading theme file: /home/gui/.config/btop/themes/catppuccin_mocha.theme

2022/08/20 (21:37:30) | ===> btop++ v.1.2.8
2022/08/20 (21:37:30) | INFO: Logger set to DEBUG
2022/08/20 (21:37:30) | DEBUG: Using locale en_US.UTF-8
2022/08/20 (21:37:30) | INFO: Running on /dev/pts/2
2022/08/20 (21:37:30) | DEBUG: Loading theme file: /home/gui/.config/btop/themes/catppuccin_mocha.theme

2022/08/20 (21:38:53) | ===> btop++ v.1.2.8
2022/08/20 (21:38:53) | INFO: Logger set to DEBUG
2022/08/20 (21:38:53) | DEBUG: Using locale en_US.UTF-8
2022/08/20 (21:38:53) | INFO: Running on /dev/pts/0
2022/08/20 (21:38:53) | DEBUG: Loading theme file: /home/gui/.config/btop/themes/catppuccin_mocha.theme

2022/08/20 (21:40:07) | ===> btop++ v.1.2.8
2022/08/20 (21:40:07) | INFO: Logger set to DEBUG
2022/08/20 (21:40:07) | DEBUG: Using locale en_US.UTF-8
2022/08/20 (21:40:07) | INFO: Running on /dev/pts/0
2022/08/20 (21:40:07) | DEBUG: Loading theme file: /home/gui/.config/btop/themes/catppuccin_mocha.theme

2022/08/20 (21:40:40) | ===> btop++ v.1.2.8
2022/08/20 (21:40:40) | INFO: Logger set to DEBUG
2022/08/20 (21:40:40) | DEBUG: Using locale en_US.UTF-8
2022/08/20 (21:40:40) | INFO: Running on /dev/pts/2
2022/08/20 (21:40:40) | DEBUG: Loading theme file: /home/gui/.config/btop/themes/catppuccin_mocha.theme

2022/08/20 (21:41:29) | ===> btop++ v.1.2.8
2022/08/20 (21:41:29) | INFO: Logger set to DEBUG
2022/08/20 (21:41:29) | DEBUG: Using locale en_US.UTF-8
2022/08/20 (21:41:29) | INFO: Running on /dev/pts/0
2022/08/20 (21:41:29) | DEBUG: Loading theme file: /home/gui/.config/btop/themes/catppuccin_mocha.theme

2022/08/20 (21:41:41) | ===> btop++ v.1.2.8
2022/08/20 (21:41:41) | INFO: Logger set to DEBUG
2022/08/20 (21:41:41) | DEBUG: Using locale en_US.UTF-8
2022/08/20 (21:41:41) | INFO: Running on /dev/pts/0
2022/08/20 (21:41:41) | DEBUG: Loading theme file: /home/gui/.config/btop/themes/catppuccin_mocha.theme

2022/08/20 (22:01:27) | ===> btop++ v.1.2.8
2022/08/20 (22:01:27) | INFO: Logger set to DEBUG
2022/08/20 (22:01:27) | DEBUG: Using locale en_US.UTF-8
2022/08/20 (22:01:27) | INFO: Running on /dev/pts/1
2022/08/20 (22:01:27) | DEBUG: Loading theme file: /home/gui/.config/btop/themes/catppuccin_mocha.theme
